TN:
SF:src/application/use-cases/order-processing/CreateOrderUseCase.ts
FN:31,(anonymous_0)
FN:38,(anonymous_1)
FN:75,(anonymous_2)
FN:117,(anonymous_3)
FNF:4
FNH:4
FNDA:7,(anonymous_0)
FNDA:7,(anonymous_1)
FNDA:6,(anonymous_2)
FNDA:4,(anonymous_3)
DA:1,1
DA:30,1
DA:32,7
DA:33,7
DA:34,7
DA:35,7
DA:40,7
DA:41,7
DA:42,1
DA:46,6
DA:49,3
DA:52,3
DA:60,3
DA:63,3
DA:76,6
DA:77,0
DA:80,6
DA:81,6
DA:83,6
DA:85,7
DA:86,1
DA:88,6
DA:91,6
DA:92,1
DA:96,5
DA:97,5
DA:98,1
DA:102,4
DA:111,4
DA:114,3
DA:121,4
DA:123,4
DA:126,4
DA:129,4
LF:34
LH:33
BRDA:41,0,0,1
BRDA:76,1,0,0
BRDA:85,2,0,1
BRDA:91,3,0,1
BRDA:97,4,0,1
BRDA:123,5,0,4
BRF:6
BRH:5
end_of_record
TN:
SF:src/application/use-cases/product-catalog/CreateProductUseCase.ts
FN:26,(anonymous_0)
FN:31,(anonymous_1)
FNF:2
FNH:2
FNDA:5,(anonymous_0)
FNDA:5,(anonymous_1)
DA:1,1
DA:25,1
DA:27,5
DA:28,5
DA:33,5
DA:34,1
DA:38,4
DA:41,4
DA:51,4
DA:54,4
LF:10
LH:10
BRDA:33,0,0,1
BRF:1
BRH:1
end_of_record
TN:
SF:src/application/use-cases/user-management/CreateUserUseCase.ts
FN:26,(anonymous_0)
FN:32,(anonymous_1)
FNF:2
FNH:2
FNDA:6,(anonymous_0)
FNDA:8,(anonymous_1)
DA:1,1
DA:25,1
DA:27,6
DA:28,6
DA:29,6
DA:34,8
DA:35,8
DA:36,2
DA:40,6
DA:43,6
DA:46,6
DA:58,6
DA:61,6
LF:13
LH:13
BRDA:35,0,0,2
BRF:1
BRH:1
end_of_record
TN:
SF:src/domain/order-processing/entities/Order.ts
FN:13,(anonymous_0)
FN:22,(anonymous_1)
FN:45,(anonymous_2)
FN:63,(anonymous_3)
FN:69,(anonymous_4)
FN:73,(anonymous_5)
FN:77,(anonymous_6)
FN:81,(anonymous_7)
FN:85,(anonymous_8)
FN:89,(anonymous_9)
FN:93,(anonymous_10)
FN:97,(anonymous_11)
FN:101,(anonymous_12)
FN:105,(anonymous_13)
FN:110,(anonymous_14)
FN:118,(anonymous_15)
FN:126,(anonymous_16)
FN:131,(anonymous_17)
FN:141,(anonymous_18)
FN:148,(anonymous_19)
FN:157,(anonymous_20)
FN:171,(anonymous_21)
FN:188,(anonymous_22)
FN:193,(anonymous_23)
FN:202,(anonymous_24)
FN:211,(anonymous_25)
FN:220,(anonymous_26)
FN:231,(anonymous_27)
FN:241,(anonymous_28)
FN:254,(anonymous_29)
FN:259,(anonymous_30)
FN:264,(anonymous_31)
FN:270,(anonymous_32)
FNF:33
FNH:33
FNDA:24,(anonymous_0)
FNDA:27,(anonymous_1)
FNDA:24,(anonymous_2)
FNDA:23,(anonymous_3)
FNDA:9,(anonymous_4)
FNDA:6,(anonymous_5)
FNDA:6,(anonymous_6)
FNDA:11,(anonymous_7)
FNDA:12,(anonymous_8)
FNDA:1,(anonymous_9)
FNDA:1,(anonymous_10)
FNDA:17,(anonymous_11)
FNDA:8,(anonymous_12)
FNDA:7,(anonymous_13)
FNDA:15,(anonymous_14)
FNDA:3,(anonymous_15)
FNDA:3,(anonymous_16)
FNDA:4,(anonymous_17)
FNDA:4,(anonymous_18)
FNDA:1,(anonymous_19)
FNDA:4,(anonymous_20)
FNDA:3,(anonymous_21)
FNDA:181,(anonymous_22)
FNDA:49,(anonymous_23)
FNDA:49,(anonymous_24)
FNDA:48,(anonymous_25)
FNDA:51,(anonymous_26)
FNDA:4,(anonymous_27)
FNDA:15,(anonymous_28)
FNDA:10,(anonymous_29)
FNDA:2,(anonymous_30)
FNDA:1,(anonymous_31)
FNDA:1,(anonymous_32)
DA:12,2
DA:14,24
DA:15,24
DA:16,24
DA:17,24
DA:18,24
DA:19,24
DA:28,27
DA:29,26
DA:30,25
DA:32,24
DA:35,24
DA:36,0
DA:40,24
DA:42,24
DA:45,24
DA:54,24
DA:55,1
DA:58,23
DA:63,23
DA:70,9
DA:74,6
DA:78,6
DA:82,11
DA:86,12
DA:90,1
DA:94,1
DA:98,17
DA:102,8
DA:106,7
DA:111,15
DA:112,3
DA:114,12
DA:119,3
DA:120,1
DA:122,2
DA:123,2
DA:127,3
DA:128,0
DA:130,3
DA:131,4
DA:132,3
DA:133,1
DA:135,2
DA:136,1
DA:138,1
DA:142,4
DA:143,1
DA:145,3
DA:146,2
DA:148,1
DA:149,1
DA:150,0
DA:152,1
DA:153,1
DA:158,4
DA:161,4
DA:162,1
DA:166,3
DA:168,3
DA:171,3
DA:180,3
DA:181,1
DA:184,2
DA:190,181
DA:194,49
DA:195,49
DA:196,52
DA:197,52
DA:199,49
DA:203,49
DA:204,49
DA:206,52
DA:208,49
DA:212,48
DA:213,48
DA:214,48
DA:216,48
DA:220,51
DA:228,48
DA:233,4
DA:236,4
DA:237,0
DA:242,15
DA:251,15
DA:255,10
DA:260,2
DA:265,1
DA:270,1
LF:89
LH:85
BRDA:26,0,0,19
BRDA:28,1,0,1
BRDA:29,2,0,1
BRDA:30,3,0,1
BRDA:35,4,0,0
BRDA:54,5,0,1
BRDA:111,6,0,3
BRDA:119,7,0,1
BRDA:127,8,0,0
BRDA:132,9,0,1
BRDA:135,10,0,1
BRDA:142,11,0,1
BRDA:145,12,0,2
BRDA:149,13,0,0
BRDA:161,14,0,1
BRDA:180,15,0,1
BRDA:236,16,0,0
BRF:17
BRH:13
end_of_record
TN:
SF:src/domain/payment-processing/entities/Payment.ts
FN:4,(anonymous_0)
FN:13,(anonymous_1)
FN:39,(anonymous_2)
FN:43,(anonymous_3)
FN:47,(anonymous_4)
FN:51,(anonymous_5)
FN:55,(anonymous_6)
FN:59,(anonymous_7)
FN:64,(anonymous_8)
FN:69,(anonymous_9)
FNF:10
FNH:10
FNDA:7,(anonymous_0)
FNDA:12,(anonymous_1)
FNDA:5,(anonymous_2)
FNDA:3,(anonymous_3)
FNDA:4,(anonymous_4)
FNDA:3,(anonymous_5)
FNDA:3,(anonymous_6)
FNDA:3,(anonymous_7)
FNDA:2,(anonymous_8)
FNDA:1,(anonymous_9)
DA:3,1
DA:5,7
DA:6,7
DA:7,7
DA:8,7
DA:9,7
DA:10,7
DA:20,12
DA:21,11
DA:22,10
DA:23,8
DA:24,7
DA:26,6
DA:28,6
DA:40,5
DA:44,3
DA:48,4
DA:52,3
DA:56,3
DA:60,3
DA:65,2
DA:70,1
LF:22
LH:22
BRDA:20,0,0,1
BRDA:21,1,0,1
BRDA:22,2,0,2
BRDA:23,3,0,1
BRDA:24,4,0,1
BRF:5
BRH:5
end_of_record
TN:
SF:src/domain/product-catalog/entities/Category.ts
FN:2,(anonymous_0)
FN:8,(anonymous_1)
FN:21,(anonymous_2)
FN:25,(anonymous_3)
FN:29,(anonymous_4)
FN:34,(anonymous_5)
FN:39,(anonymous_6)
FN:45,(anonymous_7)
FN:50,(anonymous_8)
FNF:9
FNH:9
FNDA:10,(anonymous_0)
FNDA:12,(anonymous_1)
FNDA:5,(anonymous_2)
FNDA:4,(anonymous_3)
FNDA:4,(anonymous_4)
FNDA:2,(anonymous_5)
FNDA:2,(anonymous_6)
FNDA:2,(anonymous_7)
FNDA:1,(anonymous_8)
DA:1,1
DA:3,10
DA:4,10
DA:5,10
DA:13,12
DA:14,11
DA:15,10
DA:17,9
DA:22,5
DA:26,4
DA:30,4
DA:35,2
DA:36,1
DA:40,2
DA:41,1
DA:46,2
DA:51,1
LF:17
LH:17
BRDA:13,0,0,1
BRDA:14,1,0,1
BRDA:15,2,0,1
BRDA:35,3,0,1
BRDA:40,4,0,1
BRF:5
BRH:5
end_of_record
TN:
SF:src/domain/product-catalog/entities/Product.ts
FN:21,(anonymous_0)
FN:32,(anonymous_1)
FN:62,(anonymous_2)
FN:66,(anonymous_3)
FN:70,(anonymous_4)
FN:74,(anonymous_5)
FN:78,(anonymous_6)
FN:82,(anonymous_7)
FN:86,(anonymous_8)
FN:90,(anonymous_9)
FN:95,(anonymous_10)
FN:100,(anonymous_11)
FN:105,(anonymous_12)
FN:110,(anonymous_13)
FN:115,(anonymous_14)
FN:122,(anonymous_15)
FN:123,(anonymous_16)
FN:126,(anonymous_17)
FN:134,(anonymous_18)
FN:135,(anonymous_19)
FN:140,(anonymous_20)
FN:142,(anonymous_21)
FN:146,(anonymous_22)
FN:159,(anonymous_23)
FN:164,(anonymous_24)
FN:172,(anonymous_25)
FNF:26
FNH:26
FNDA:24,(anonymous_0)
FNDA:26,(anonymous_1)
FNDA:15,(anonymous_2)
FNDA:9,(anonymous_3)
FNDA:8,(anonymous_4)
FNDA:8,(anonymous_5)
FNDA:16,(anonymous_6)
FNDA:17,(anonymous_7)
FNDA:12,(anonymous_8)
FNDA:11,(anonymous_9)
FNDA:2,(anonymous_10)
FNDA:1,(anonymous_11)
FNDA:1,(anonymous_12)
FNDA:2,(anonymous_13)
FNDA:4,(anonymous_14)
FNDA:2,(anonymous_15)
FNDA:1,(anonymous_16)
FNDA:5,(anonymous_17)
FNDA:1,(anonymous_18)
FNDA:2,(anonymous_19)
FNDA:28,(anonymous_20)
FNDA:9,(anonymous_21)
FNDA:5,(anonymous_22)
FNDA:2,(anonymous_23)
FNDA:1,(anonymous_24)
FNDA:1,(anonymous_25)
DA:20,3
DA:22,24
DA:23,24
DA:24,24
DA:25,24
DA:26,24
DA:27,24
DA:28,24
DA:29,24
DA:41,26
DA:42,25
DA:43,24
DA:44,24
DA:45,24
DA:47,23
DA:49,23
DA:63,15
DA:67,9
DA:71,8
DA:75,8
DA:79,16
DA:83,17
DA:87,12
DA:91,11
DA:96,2
DA:97,1
DA:101,1
DA:102,1
DA:106,1
DA:107,1
DA:111,2
DA:112,1
DA:116,4
DA:117,4
DA:118,3
DA:123,2
DA:127,5
DA:128,1
DA:130,4
DA:131,4
DA:135,2
DA:136,1
DA:141,28
DA:142,9
DA:143,7
DA:147,5
DA:160,2
DA:165,1
DA:172,1
LF:49
LH:49
BRDA:38,0,0,20
BRDA:39,1,0,24
BRDA:41,2,0,1
BRDA:42,3,0,1
BRDA:43,4,0,0
BRDA:44,5,0,0
BRDA:45,6,0,1
BRDA:96,7,0,1
BRDA:101,8,0,0
BRDA:106,9,0,0
BRDA:111,10,0,1
BRDA:116,11,0,0
BRDA:117,12,0,3
BRDA:127,13,0,1
BRDA:141,14,0,21
BRDA:148,15,0,5
BRDA:148,15,1,5
BRDA:148,15,2,5
BRDA:148,15,3,5
BRDA:148,15,4,5
BRDA:148,15,5,4
BRDA:148,15,6,4
BRF:22
BRH:17
end_of_record
TN:
SF:src/domain/shipment-delivery/entities/Shipment.ts
FN:19,(anonymous_0)
FN:30,(anonymous_1)
FN:59,(anonymous_2)
FN:63,(anonymous_3)
FN:67,(anonymous_4)
FN:71,(anonymous_5)
FN:75,(anonymous_6)
FN:79,(anonymous_7)
FN:83,(anonymous_8)
FN:87,(anonymous_9)
FN:96,(anonymous_10)
FN:103,(anonymous_11)
FN:124,(anonymous_12)
FN:132,(anonymous_13)
FN:137,(anonymous_14)
FNF:15
FNH:15
FNDA:11,(anonymous_0)
FNDA:16,(anonymous_1)
FNDA:5,(anonymous_2)
FNDA:3,(anonymous_3)
FNDA:3,(anonymous_4)
FNDA:3,(anonymous_5)
FNDA:6,(anonymous_6)
FNDA:3,(anonymous_7)
FNDA:3,(anonymous_8)
FNDA:4,(anonymous_9)
FNDA:6,(anonymous_10)
FNDA:6,(anonymous_11)
FNDA:2,(anonymous_12)
FNDA:2,(anonymous_13)
FNDA:1,(anonymous_14)
DA:18,1
DA:20,11
DA:21,11
DA:22,11
DA:23,11
DA:24,11
DA:25,11
DA:26,11
DA:27,11
DA:37,16
DA:38,15
DA:39,14
DA:40,13
DA:41,1
DA:43,12
DA:44,11
DA:46,10
DA:60,5
DA:64,3
DA:68,3
DA:72,3
DA:76,6
DA:80,3
DA:84,3
DA:88,4
DA:97,6
DA:98,0
DA:100,6
DA:104,6
DA:105,1
DA:107,5
DA:108,5
DA:109,4
DA:110,4
DA:111,3
DA:112,3
DA:113,3
DA:114,3
DA:116,3
DA:117,3
DA:125,2
DA:126,1
DA:128,1
DA:133,2
DA:138,1
LF:45
LH:44
BRDA:37,0,0,1
BRDA:38,1,0,1
BRDA:39,2,0,1
BRDA:40,3,0,1
BRDA:43,4,0,1
BRDA:44,5,0,1
BRDA:88,6,0,3
BRDA:88,6,1,1
BRDA:97,7,0,0
BRDA:104,8,0,1
BRDA:107,9,0,0
BRDA:108,10,0,1
BRDA:109,11,0,0
BRDA:110,12,0,1
BRDA:111,13,0,0
BRDA:112,14,0,0
BRDA:113,15,0,0
BRDA:114,16,0,0
BRDA:125,17,0,1
BRDA:146,18,0,1
BRDA:146,18,1,0
BRF:21
BRH:13
end_of_record
TN:
SF:src/domain/user-management/entities/Role.ts
FN:2,(anonymous_0)
FN:7,(anonymous_1)
FN:15,(anonymous_2)
FN:19,(anonymous_3)
FN:24,(anonymous_4)
FN:30,(anonymous_5)
FN:35,(anonymous_6)
FNF:7
FNH:7
FNDA:8,(anonymous_0)
FNDA:9,(anonymous_1)
FNDA:5,(anonymous_2)
FNDA:4,(anonymous_3)
FNDA:2,(anonymous_4)
FNDA:2,(anonymous_5)
FNDA:1,(anonymous_6)
DA:1,1
DA:3,8
DA:4,8
DA:8,9
DA:9,8
DA:11,7
DA:16,5
DA:20,4
DA:25,2
DA:26,1
DA:31,2
DA:36,1
LF:12
LH:12
BRDA:8,0,0,1
BRDA:9,1,0,1
BRDA:25,2,0,1
BRF:3
BRH:3
end_of_record
TN:
SF:src/domain/user-management/entities/User.ts
FN:12,(anonymous_0)
FN:24,(anonymous_1)
FN:55,(anonymous_2)
FN:59,(anonymous_3)
FN:63,(anonymous_4)
FN:67,(anonymous_5)
FN:71,(anonymous_6)
FN:75,(anonymous_7)
FN:79,(anonymous_8)
FN:84,(anonymous_9)
FN:89,(anonymous_10)
FN:94,(anonymous_11)
FN:99,(anonymous_12)
FN:104,(anonymous_13)
FN:109,(anonymous_14)
FN:113,(anonymous_15)
FN:118,(anonymous_16)
FN:126,(anonymous_17)
FN:132,(anonymous_18)
FN:137,(anonymous_19)
FN:146,(anonymous_20)
FNF:21
FNH:18
FNDA:22,(anonymous_0)
FNDA:23,(anonymous_1)
FNDA:19,(anonymous_2)
FNDA:11,(anonymous_3)
FNDA:13,(anonymous_4)
FNDA:10,(anonymous_5)
FNDA:9,(anonymous_6)
FNDA:10,(anonymous_7)
FNDA:14,(anonymous_8)
FNDA:2,(anonymous_9)
FNDA:2,(anonymous_10)
FNDA:0,(anonymous_11)
FNDA:1,(anonymous_12)
FNDA:0,(anonymous_13)
FNDA:1,(anonymous_14)
FNDA:3,(anonymous_15)
FNDA:2,(anonymous_16)
FNDA:24,(anonymous_17)
FNDA:2,(anonymous_18)
FNDA:1,(anonymous_19)
FNDA:0,(anonymous_20)
DA:11,3
DA:13,22
DA:14,22
DA:15,22
DA:16,22
DA:17,22
DA:18,22
DA:19,22
DA:20,22
DA:34,23
DA:35,22
DA:36,22
DA:37,22
DA:38,21
DA:39,21
DA:40,21
DA:42,21
DA:56,19
DA:60,11
DA:64,13
DA:68,10
DA:72,9
DA:76,10
DA:80,14
DA:85,2
DA:86,1
DA:90,2
DA:91,1
DA:95,0
DA:96,0
DA:100,1
DA:101,1
DA:105,0
DA:106,0
DA:110,1
DA:114,3
DA:115,3
DA:119,2
DA:120,1
DA:122,1
DA:127,24
DA:128,24
DA:133,2
DA:138,1
DA:146,0
LF:45
LH:40
BRDA:31,0,0,22
BRDA:32,1,0,22
BRDA:34,2,0,1
BRDA:35,3,0,0
BRDA:36,4,0,0
BRDA:37,5,0,1
BRDA:38,6,0,0
BRDA:39,7,0,0
BRDA:40,8,0,0
BRDA:85,9,0,1
BRDA:90,10,0,1
BRDA:90,11,0,2
BRDA:90,11,1,2
BRDA:95,12,0,0
BRDA:100,13,0,0
BRDA:105,14,0,0
BRDA:114,15,0,0
BRDA:119,16,0,1
BRDA:119,17,0,2
BRDA:119,17,1,2
BRF:20
BRH:11
end_of_record
TN:
SF:src/domain/warehouse-management/entities/ProductWarehouseStock.ts
FN:2,(anonymous_0)
FN:9,(anonymous_1)
FN:24,(anonymous_2)
FN:28,(anonymous_3)
FN:32,(anonymous_4)
FN:36,(anonymous_5)
FN:41,(anonymous_6)
FN:46,(anonymous_7)
FN:54,(anonymous_8)
FN:59,(anonymous_9)
FN:64,(anonymous_10)
FN:69,(anonymous_11)
FNF:12
FNH:12
FNDA:11,(anonymous_0)
FNDA:14,(anonymous_1)
FNDA:5,(anonymous_2)
FNDA:3,(anonymous_3)
FNDA:3,(anonymous_4)
FNDA:8,(anonymous_5)
FNDA:3,(anonymous_6)
FNDA:4,(anonymous_7)
FNDA:2,(anonymous_8)
FNDA:2,(anonymous_9)
FNDA:2,(anonymous_10)
FNDA:1,(anonymous_11)
DA:1,1
DA:3,11
DA:4,11
DA:5,11
DA:6,11
DA:15,14
DA:16,13
DA:17,12
DA:18,11
DA:20,10
DA:25,5
DA:29,3
DA:33,3
DA:37,8
DA:42,3
DA:43,1
DA:47,4
DA:48,2
DA:49,1
DA:51,1
DA:55,2
DA:56,1
DA:60,2
DA:65,2
DA:70,1
LF:25
LH:25
BRDA:15,0,0,1
BRDA:16,1,0,1
BRDA:17,2,0,1
BRDA:18,3,0,1
BRDA:42,4,0,2
BRDA:47,5,0,2
BRDA:48,6,0,1
BRDA:55,7,0,1
BRF:8
BRH:8
end_of_record
TN:
SF:src/domain/warehouse-management/entities/Warehouse.ts
FN:10,(anonymous_0)
FN:17,(anonymous_1)
FN:37,(anonymous_2)
FN:41,(anonymous_3)
FN:45,(anonymous_4)
FN:49,(anonymous_5)
FN:54,(anonymous_6)
FN:59,(anonymous_7)
FN:69,(anonymous_8)
FN:75,(anonymous_9)
FN:80,(anonymous_10)
FNF:11
FNH:11
FNDA:10,(anonymous_0)
FNDA:18,(anonymous_1)
FNDA:5,(anonymous_2)
FNDA:4,(anonymous_3)
FNDA:4,(anonymous_4)
FNDA:4,(anonymous_5)
FNDA:2,(anonymous_6)
FNDA:2,(anonymous_7)
FNDA:2,(anonymous_8)
FNDA:2,(anonymous_9)
FNDA:1,(anonymous_10)
DA:9,1
DA:11,10
DA:12,10
DA:13,10
DA:14,10
DA:23,18
DA:24,17
DA:25,16
DA:26,15
DA:27,14
DA:28,13
DA:29,12
DA:30,11
DA:31,10
DA:33,9
DA:38,5
DA:42,4
DA:46,4
DA:50,4
DA:55,2
DA:56,1
DA:60,2
DA:61,2
DA:62,1
DA:63,1
DA:64,1
DA:65,1
DA:66,1
DA:70,2
DA:71,1
DA:76,2
DA:81,1
LF:32
LH:32
BRDA:23,0,0,1
BRDA:24,1,0,1
BRDA:25,2,0,1
BRDA:26,3,0,1
BRDA:27,4,0,1
BRDA:28,5,0,1
BRDA:29,6,0,1
BRDA:30,7,0,1
BRDA:31,8,0,1
BRDA:55,9,0,1
BRDA:60,10,0,0
BRDA:61,11,0,1
BRDA:62,12,0,0
BRDA:63,13,0,0
BRDA:64,14,0,0
BRDA:65,15,0,0
BRDA:70,16,0,1
BRF:17
BRH:12
end_of_record
